<?xml version="1.0" encoding="UTF-8"?>
<!-- Generated by org.testng.reporters.JUnitReportReporter -->
<testsuite hostname="DESKTOP-T6M756F" name="com.testng.TestNG_Groupping" tests="4" failures="0" timestamp="20 May 2021 07:52:30 GMT" time="0.030" errors="0">
  <testcase name="testcase_04" time="0.001" classname="com.testng.TestNG_Groupping"/>
  <testcase name="testCase_03" time="0.002" classname="com.testng.TestNG_Groupping"/>
  <testcase name="testCase_03" time="0.001" classname="com.testng.TestNG_Groupping"/>
  <testcase name="testCase_01" time="0.026" classname="com.testng.TestNG_Groupping"/>
</testsuite> <!-- com.testng.TestNG_Groupping -->
