<?xml version="1.0" encoding="UTF-8"?>
<!-- Generated by org.testng.reporters.JUnitReportReporter -->
<testsuite hostname="DESKTOP-T6M756F" name="com.testng.TestNGAnnotation" tests="3" failures="0" timestamp="20 May 2021 05:52:18 GMT" time="0.010" errors="0">
  <testcase name="TCID_002_verifySecondTest" time="0.001" classname="com.testng.TestNGAnnotation"/>
  <testcase name="TCID_003_verifyThirdTest" time="0.003" classname="com.testng.TestNGAnnotation"/>
  <testcase name="TCID_001_verifyFirstTest" time="0.006" classname="com.testng.TestNGAnnotation"/>
</testsuite> <!-- com.testng.TestNGAnnotation -->
