<?xml version="1.0" encoding="UTF-8"?>
<!-- Generated by org.testng.reporters.JUnitReportReporter -->
<testsuite hostname="DESKTOP-T6M756F" name="com.windowhande.WindowHandle" tests="1" failures="0" timestamp="14 May 2021 11:25:15 GMT" time="8.203" errors="0">
  <testcase name="TCID_01_VerifyWindowHandle" time="8.203" classname="com.windowhande.WindowHandle"/>
</testsuite> <!-- com.windowhande.WindowHandle -->
