<?xml version="1.0" encoding="UTF-8"?>
<!-- Generated by org.testng.reporters.JUnitReportReporter -->
<testsuite hostname="DESKTOP-T6M756F" name="com.windowhande.WindowHandle" tests="1" failures="0" timestamp="19 May 2021 12:08:26 GMT" time="14.478" errors="0">
  <testcase name="TCID_01_VerifyWindowHandle" time="14.478" classname="com.windowhande.WindowHandle"/>
</testsuite> <!-- com.windowhande.WindowHandle -->
