<?xml version="1.0" encoding="UTF-8"?>
<!-- Generated by org.testng.reporters.JUnitReportReporter -->
<testsuite hostname="DESKTOP-T6M756F" name="com.windowhande.AlertHandle" tests="3" failures="0" timestamp="14 May 2021 09:58:23 GMT" time="13.482" errors="0">
  <testcase name="TCID_01_VerifyAccept" time="3.087" classname="com.windowhande.AlertHandle"/>
  <testcase name="TCID_02_VerifyDismiss" time="5.175" classname="com.windowhande.AlertHandle"/>
  <testcase name="TCID_03_VerifySendkey" time="5.220" classname="com.windowhande.AlertHandle"/>
</testsuite> <!-- com.windowhande.AlertHandle -->
