<?xml version="1.0" encoding="UTF-8"?>
<!-- Generated by org.testng.reporters.JUnitReportReporter -->
<testsuite hostname="DESKTOP-T6M756F" name="com.synchronizationWait.TestClass" tests="2" failures="0" timestamp="21 May 2021 12:26:12 GMT" time="7.104" errors="0">
  <testcase name="verifyAmazonPageTitle" time="0.460" classname="com.synchronizationWait.TestClass"/>
  <testcase name="verifyAmazonPayLink" time="6.644" classname="com.synchronizationWait.TestClass"/>
</testsuite> <!-- com.synchronizationWait.TestClass -->
