<?xml version="1.0" encoding="UTF-8"?>
<!-- Generated by org.testng.reporters.JUnitReportReporter -->
<testsuite hostname="DESKTOP-T6M756F" name="com.testng.TestNgPriority" tests="11" failures="0" timestamp="18 May 2021 12:03:49 GMT" time="0.033" errors="0">
  <testcase name="d_method" time="0.001" classname="com.testng.TestNgPriority"/>
  <testcase name="tocheckPriority" time="0.003" classname="com.testng.TestNgPriority"/>
  <testcase name="TCID_01_b" time="0.002" classname="com.testng.TestNgPriority"/>
  <testcase name="TCID_01_e" time="0.004" classname="com.testng.TestNgPriority"/>
  <testcase name="a_method" time="0.001" classname="com.testng.TestNgPriority"/>
  <testcase name="TCID_01_d" time="0.002" classname="com.testng.TestNgPriority"/>
  <testcase name="c_method" time="0.001" classname="com.testng.TestNgPriority"/>
  <testcase name="e_method" time="0.001" classname="com.testng.TestNgPriority"/>
  <testcase name="TCID_01_a" time="0.014" classname="com.testng.TestNgPriority"/>
  <testcase name="TCID_01_c" time="0.003" classname="com.testng.TestNgPriority"/>
  <testcase name="b_method" time="0.001" classname="com.testng.TestNgPriority"/>
</testsuite> <!-- com.testng.TestNgPriority -->
