<?xml version="1.0" encoding="UTF-8"?>
<!-- Generated by org.testng.reporters.JUnitReportReporter -->
<testsuite hostname="DESKTOP-T6M756F" name="com.testng.Including_Excluding_Groups" tests="2" failures="0" timestamp="20 May 2021 07:52:30 GMT" time="0.004" errors="0">
  <testcase name="TCID_103" time="0.002" classname="com.testng.Including_Excluding_Groups"/>
  <testcase name="TCID_100" time="0.002" classname="com.testng.Including_Excluding_Groups"/>
</testsuite> <!-- com.testng.Including_Excluding_Groups -->
