<?xml version="1.0" encoding="UTF-8"?>
<!-- Generated by org.testng.reporters.JUnitReportReporter -->
<testsuite hostname="DESKTOP-T6M756F" name="com.testng.AmazonTestNGDemo" tests="2" failures="0" timestamp="18 May 2021 11:41:31 GMT" time="32.445" errors="0">
  <testcase name="TCID_100_verifySiginLink" time="19.984" classname="com.testng.AmazonTestNGDemo"/>
  <testcase name="TCID_101_verifyTodaysDealLink" time="12.461" classname="com.testng.AmazonTestNGDemo"/>
</testsuite> <!-- com.testng.AmazonTestNGDemo -->
