<?xml version="1.0" encoding="UTF-8"?>
<!-- Generated by org.testng.reporters.JUnitReportReporter -->
<testsuite hostname="DESKTOP-T6M756F" name="com.windowhande.AlertHandle" tests="3" failures="0" timestamp="19 May 2021 12:08:27 GMT" time="19.197" errors="0">
  <testcase name="TCID_02_VerifyDismiss" time="5.302" classname="com.windowhande.AlertHandle"/>
  <testcase name="TCID_01_VerifyAccept" time="5.525" classname="com.windowhande.AlertHandle"/>
  <testcase name="TCID_03_VerifySendkey" time="8.370" classname="com.windowhande.AlertHandle"/>
</testsuite> <!-- com.windowhande.AlertHandle -->
