<?xml version="1.0" encoding="UTF-8"?>
<!-- Generated by org.testng.reporters.JUnitReportReporter -->
<testsuite hostname="DESKTOP-T6M756F" name="com.facebook.TestClass" tests="1" failures="0" timestamp="18 May 2021 09:50:27 GMT" time="4.328" errors="0">
  <testcase name="TCID_001_VerifySignUp" time="4.328" classname="com.facebook.TestClass"/>
</testsuite> <!-- com.facebook.TestClass -->
